EDA Netlist Writer report for dds_and_nios_lab
Fri Jun 21 21:22:13 2024
Quartus Prime Version 16.1.2 Build 203 01/18/2017 SJ Lite Edition


---------------------
; Table of Contents ;
---------------------
  1. Legal Notice
  2. EDA Netlist Writer Summary
  3. EDA Netlist Writer Messages



----------------
; Legal Notice ;
----------------
Copyright (C) 2017  Intel Corporation. All rights reserved.
Your use of Intel Corporation's design tools, logic functions 
and other software and tools, and its AMPP partner logic 
functions, and any output files from any of the foregoing 
(including device programming or simulation files), and any 
associated documentation or information are expressly subject 
to the terms and conditions of the Intel Program License 
Subscription Agreement, the Intel Quartus Prime License Agreement,
the Intel MegaCore Function License Agreement, or other 
applicable license agreement, including, without limitation, 
that your use is for the sole purpose of programming logic 
devices manufactured by Intel and sold by Intel or its 
authorized distributors.  Please refer to the applicable 
agreement for further details.



+---------------------------------------------------------------+
; EDA Netlist Writer Summary                                    ;
+---------------------------+-----------------------------------+
; EDA Netlist Writer Status ; Failed - Fri Jun 21 21:22:13 2024 ;
; Revision Name             ; dds_and_nios_lab                  ;
; Top-level Entity Name     ; dds_and_nios_lab                  ;
; Family                    ; Cyclone V                         ;
+---------------------------+-----------------------------------+


+-----------------------------+
; EDA Netlist Writer Messages ;
+-----------------------------+
Info: *******************************************************************
Info: Running Quartus Prime EDA Netlist Writer
    Info: Version 16.1.2 Build 203 01/18/2017 SJ Lite Edition
    Info: Processing started: Fri Jun 21 21:22:08 2024
Info: Command: quartus_eda --read_settings_files=off --write_settings_files=off dds_and_nios_lab -c dds_and_nios_lab
Warning (18236): Number of processors has not been specified which may cause overloading on shared machines.  Set the global assignment NUM_PARALLEL_PROCESSORS in your QSF to an appropriate value for best performance.
Error (204009): Can't generate netlist output files because the license for encrypted file "C:/Users/eldad/OneDrive/Desktop/CPEN311/LAB5/Nios_Qsys/rtl/DE1_SoC_QSYS/synthesis/submodules/DE1_SoC_QSYS_cpu.v" is not available
Error (204009): Can't generate netlist output files because the license for encrypted file "C:/Users/eldad/OneDrive/Desktop/CPEN311/LAB5/Nios_Qsys/rtl/DE1_SoC_QSYS/synthesis/submodules/DE1_SoC_QSYS_cpu.v" is not available
Error (204009): Can't generate netlist output files because the license for encrypted file "C:/Users/eldad/OneDrive/Desktop/CPEN311/LAB5/Nios_Qsys/rtl/DE1_SoC_QSYS/synthesis/submodules/DE1_SoC_QSYS_cpu.v" is not available
Error: Quartus Prime EDA Netlist Writer was unsuccessful. 3 errors, 1 warning
    Error: Peak virtual memory: 4985 megabytes
    Error: Processing ended: Fri Jun 21 21:22:13 2024
    Error: Elapsed time: 00:00:05
    Error: Total CPU time (on all processors): 00:00:05


